CRITICAL - 2024-03-18 03:03:50 --> ParseError: syntax error, unexpected token "}", expecting ";"
in APPPATH/Controllers/Home.php on line 10.
 1 SYSTEMPATH/Autoloader/Autoloader.php(290): CodeIgniter\Autoloader\Autoloader->includeFile('/Users/macbookpro/myCI4app/app/Controllers/Home.php')
 2 SYSTEMPATH/Autoloader/Autoloader.php(266): CodeIgniter\Autoloader\Autoloader->loadInNamespace('App\\Controllers\\Home')
 3 [internal function]: CodeIgniter\Autoloader\Autoloader->loadClass('App\\Controllers\\Home')
 4 SYSTEMPATH/CodeIgniter.php(899): class_exists('\\App\\Controllers\\Home', true)
 5 SYSTEMPATH/CodeIgniter.php(489): CodeIgniter\CodeIgniter->startController()
 6 SYSTEMPATH/CodeIgniter.php(361): CodeIgniter\CodeIgniter->handleRequest(null, Object(Config\Cache), false)
 7 FCPATH/index.php(79): CodeIgniter\CodeIgniter->run()
 8 SYSTEMPATH/Commands/Server/rewrite.php(47): require_once('/Users/macbookpro/myCI4app/public/index.php')
CRITICAL - 2024-03-18 03:04:39 --> ParseError: syntax error, unexpected token "}", expecting ";"
in APPPATH/Controllers/Home.php on line 10.
 1 SYSTEMPATH/Autoloader/Autoloader.php(290): CodeIgniter\Autoloader\Autoloader->includeFile('/Users/macbookpro/myCI4app/app/Controllers/Home.php')
 2 SYSTEMPATH/Autoloader/Autoloader.php(266): CodeIgniter\Autoloader\Autoloader->loadInNamespace('App\\Controllers\\Home')
 3 [internal function]: CodeIgniter\Autoloader\Autoloader->loadClass('App\\Controllers\\Home')
 4 SYSTEMPATH/CodeIgniter.php(899): class_exists('\\App\\Controllers\\Home', true)
 5 SYSTEMPATH/CodeIgniter.php(489): CodeIgniter\CodeIgniter->startController()
 6 SYSTEMPATH/CodeIgniter.php(361): CodeIgniter\CodeIgniter->handleRequest(null, Object(Config\Cache), false)
 7 FCPATH/index.php(79): CodeIgniter\CodeIgniter->run()
 8 SYSTEMPATH/Commands/Server/rewrite.php(47): require_once('/Users/macbookpro/myCI4app/public/index.php')
CRITICAL - 2024-03-18 03:32:32 --> Error: Class "App\Controllers\BaseController" not found
in APPPATH/Controllers/BaseController.php on line 14.
 1 SYSTEMPATH/Autoloader/Autoloader.php(311): include_once()
 2 SYSTEMPATH/Autoloader/Autoloader.php(290): CodeIgniter\Autoloader\Autoloader->includeFile('/Users/macbookpro/myCI4app/app/Controllers/BaseController.php')
 3 SYSTEMPATH/Autoloader/Autoloader.php(266): CodeIgniter\Autoloader\Autoloader->loadInNamespace('App\\Controllers\\BaseController')
 4 APPPATH/Controllers/Home.php(5): CodeIgniter\Autoloader\Autoloader->loadClass('App\\Controllers\\BaseController')
 5 SYSTEMPATH/Autoloader/Autoloader.php(311): include_once('/Users/macbookpro/myCI4app/app/Controllers/Home.php')
 6 SYSTEMPATH/Autoloader/Autoloader.php(290): CodeIgniter\Autoloader\Autoloader->includeFile('/Users/macbookpro/myCI4app/app/Controllers/Home.php')
 7 SYSTEMPATH/Autoloader/Autoloader.php(266): CodeIgniter\Autoloader\Autoloader->loadInNamespace('App\\Controllers\\Home')
 8 [internal function]: CodeIgniter\Autoloader\Autoloader->loadClass('App\\Controllers\\Home')
 9 SYSTEMPATH/CodeIgniter.php(899): class_exists('\\App\\Controllers\\Home', true)
10 SYSTEMPATH/CodeIgniter.php(489): CodeIgniter\CodeIgniter->startController()
11 SYSTEMPATH/CodeIgniter.php(361): CodeIgniter\CodeIgniter->handleRequest(null, Object(Config\Cache), false)
12 FCPATH/index.php(79): CodeIgniter\CodeIgniter->run()
13 SYSTEMPATH/Commands/Server/rewrite.php(47): require_once('/Users/macbookpro/myCI4app/public/index.php')
CRITICAL - 2024-03-18 03:32:34 --> Error: Class "App\Controllers\BaseController" not found
in APPPATH/Controllers/BaseController.php on line 14.
 1 SYSTEMPATH/Autoloader/Autoloader.php(311): include_once()
 2 SYSTEMPATH/Autoloader/Autoloader.php(290): CodeIgniter\Autoloader\Autoloader->includeFile('/Users/macbookpro/myCI4app/app/Controllers/BaseController.php')
 3 SYSTEMPATH/Autoloader/Autoloader.php(266): CodeIgniter\Autoloader\Autoloader->loadInNamespace('App\\Controllers\\BaseController')
 4 APPPATH/Controllers/Home.php(5): CodeIgniter\Autoloader\Autoloader->loadClass('App\\Controllers\\BaseController')
 5 SYSTEMPATH/Autoloader/Autoloader.php(311): include_once('/Users/macbookpro/myCI4app/app/Controllers/Home.php')
 6 SYSTEMPATH/Autoloader/Autoloader.php(290): CodeIgniter\Autoloader\Autoloader->includeFile('/Users/macbookpro/myCI4app/app/Controllers/Home.php')
 7 SYSTEMPATH/Autoloader/Autoloader.php(266): CodeIgniter\Autoloader\Autoloader->loadInNamespace('App\\Controllers\\Home')
 8 [internal function]: CodeIgniter\Autoloader\Autoloader->loadClass('App\\Controllers\\Home')
 9 SYSTEMPATH/CodeIgniter.php(899): class_exists('\\App\\Controllers\\Home', true)
10 SYSTEMPATH/CodeIgniter.php(489): CodeIgniter\CodeIgniter->startController()
11 SYSTEMPATH/CodeIgniter.php(361): CodeIgniter\CodeIgniter->handleRequest(null, Object(Config\Cache), false)
12 FCPATH/index.php(79): CodeIgniter\CodeIgniter->run()
13 SYSTEMPATH/Commands/Server/rewrite.php(47): require_once('/Users/macbookpro/myCI4app/public/index.php')
CRITICAL - 2024-03-18 03:32:35 --> Error: Class "App\Controllers\BaseController" not found
in APPPATH/Controllers/BaseController.php on line 14.
 1 SYSTEMPATH/Autoloader/Autoloader.php(311): include_once()
 2 SYSTEMPATH/Autoloader/Autoloader.php(290): CodeIgniter\Autoloader\Autoloader->includeFile('/Users/macbookpro/myCI4app/app/Controllers/BaseController.php')
 3 SYSTEMPATH/Autoloader/Autoloader.php(266): CodeIgniter\Autoloader\Autoloader->loadInNamespace('App\\Controllers\\BaseController')
 4 APPPATH/Controllers/Home.php(5): CodeIgniter\Autoloader\Autoloader->loadClass('App\\Controllers\\BaseController')
 5 SYSTEMPATH/Autoloader/Autoloader.php(311): include_once('/Users/macbookpro/myCI4app/app/Controllers/Home.php')
 6 SYSTEMPATH/Autoloader/Autoloader.php(290): CodeIgniter\Autoloader\Autoloader->includeFile('/Users/macbookpro/myCI4app/app/Controllers/Home.php')
 7 SYSTEMPATH/Autoloader/Autoloader.php(266): CodeIgniter\Autoloader\Autoloader->loadInNamespace('App\\Controllers\\Home')
 8 [internal function]: CodeIgniter\Autoloader\Autoloader->loadClass('App\\Controllers\\Home')
 9 SYSTEMPATH/CodeIgniter.php(899): class_exists('\\App\\Controllers\\Home', true)
10 SYSTEMPATH/CodeIgniter.php(489): CodeIgniter\CodeIgniter->startController()
11 SYSTEMPATH/CodeIgniter.php(361): CodeIgniter\CodeIgniter->handleRequest(null, Object(Config\Cache), false)
12 FCPATH/index.php(79): CodeIgniter\CodeIgniter->run()
13 SYSTEMPATH/Commands/Server/rewrite.php(47): require_once('/Users/macbookpro/myCI4app/public/index.php')
CRITICAL - 2024-03-18 03:33:43 --> Error: Class "App\Controllers\BaseController" not found
in APPPATH/Controllers/BaseController.php on line 5.
 1 SYSTEMPATH/Autoloader/Autoloader.php(311): include_once()
 2 SYSTEMPATH/Autoloader/Autoloader.php(290): CodeIgniter\Autoloader\Autoloader->includeFile('/Users/macbookpro/myCI4app/app/Controllers/BaseController.php')
 3 SYSTEMPATH/Autoloader/Autoloader.php(266): CodeIgniter\Autoloader\Autoloader->loadInNamespace('App\\Controllers\\BaseController')
 4 APPPATH/Controllers/Home.php(5): CodeIgniter\Autoloader\Autoloader->loadClass('App\\Controllers\\BaseController')
 5 SYSTEMPATH/Autoloader/Autoloader.php(311): include_once('/Users/macbookpro/myCI4app/app/Controllers/Home.php')
 6 SYSTEMPATH/Autoloader/Autoloader.php(290): CodeIgniter\Autoloader\Autoloader->includeFile('/Users/macbookpro/myCI4app/app/Controllers/Home.php')
 7 SYSTEMPATH/Autoloader/Autoloader.php(266): CodeIgniter\Autoloader\Autoloader->loadInNamespace('App\\Controllers\\Home')
 8 [internal function]: CodeIgniter\Autoloader\Autoloader->loadClass('App\\Controllers\\Home')
 9 SYSTEMPATH/CodeIgniter.php(899): class_exists('\\App\\Controllers\\Home', true)
10 SYSTEMPATH/CodeIgniter.php(489): CodeIgniter\CodeIgniter->startController()
11 SYSTEMPATH/CodeIgniter.php(361): CodeIgniter\CodeIgniter->handleRequest(null, Object(Config\Cache), false)
12 FCPATH/index.php(79): CodeIgniter\CodeIgniter->run()
13 SYSTEMPATH/Commands/Server/rewrite.php(47): require_once('/Users/macbookpro/myCI4app/public/index.php')
CRITICAL - 2024-03-18 03:33:45 --> Error: Class "App\Controllers\BaseController" not found
in APPPATH/Controllers/BaseController.php on line 5.
 1 SYSTEMPATH/Autoloader/Autoloader.php(311): include_once()
 2 SYSTEMPATH/Autoloader/Autoloader.php(290): CodeIgniter\Autoloader\Autoloader->includeFile('/Users/macbookpro/myCI4app/app/Controllers/BaseController.php')
 3 SYSTEMPATH/Autoloader/Autoloader.php(266): CodeIgniter\Autoloader\Autoloader->loadInNamespace('App\\Controllers\\BaseController')
 4 APPPATH/Controllers/Home.php(5): CodeIgniter\Autoloader\Autoloader->loadClass('App\\Controllers\\BaseController')
 5 SYSTEMPATH/Autoloader/Autoloader.php(311): include_once('/Users/macbookpro/myCI4app/app/Controllers/Home.php')
 6 SYSTEMPATH/Autoloader/Autoloader.php(290): CodeIgniter\Autoloader\Autoloader->includeFile('/Users/macbookpro/myCI4app/app/Controllers/Home.php')
 7 SYSTEMPATH/Autoloader/Autoloader.php(266): CodeIgniter\Autoloader\Autoloader->loadInNamespace('App\\Controllers\\Home')
 8 [internal function]: CodeIgniter\Autoloader\Autoloader->loadClass('App\\Controllers\\Home')
 9 SYSTEMPATH/CodeIgniter.php(899): class_exists('\\App\\Controllers\\Home', true)
10 SYSTEMPATH/CodeIgniter.php(489): CodeIgniter\CodeIgniter->startController()
11 SYSTEMPATH/CodeIgniter.php(361): CodeIgniter\CodeIgniter->handleRequest(null, Object(Config\Cache), false)
12 FCPATH/index.php(79): CodeIgniter\CodeIgniter->run()
13 SYSTEMPATH/Commands/Server/rewrite.php(47): require_once('/Users/macbookpro/myCI4app/public/index.php')
CRITICAL - 2024-03-18 03:33:48 --> Error: Class "App\Controllers\BaseController" not found
in APPPATH/Controllers/BaseController.php on line 5.
 1 SYSTEMPATH/Autoloader/Autoloader.php(311): include_once()
 2 SYSTEMPATH/Autoloader/Autoloader.php(290): CodeIgniter\Autoloader\Autoloader->includeFile('/Users/macbookpro/myCI4app/app/Controllers/BaseController.php')
 3 SYSTEMPATH/Autoloader/Autoloader.php(266): CodeIgniter\Autoloader\Autoloader->loadInNamespace('App\\Controllers\\BaseController')
 4 APPPATH/Controllers/Home.php(5): CodeIgniter\Autoloader\Autoloader->loadClass('App\\Controllers\\BaseController')
 5 SYSTEMPATH/Autoloader/Autoloader.php(311): include_once('/Users/macbookpro/myCI4app/app/Controllers/Home.php')
 6 SYSTEMPATH/Autoloader/Autoloader.php(290): CodeIgniter\Autoloader\Autoloader->includeFile('/Users/macbookpro/myCI4app/app/Controllers/Home.php')
 7 SYSTEMPATH/Autoloader/Autoloader.php(266): CodeIgniter\Autoloader\Autoloader->loadInNamespace('App\\Controllers\\Home')
 8 [internal function]: CodeIgniter\Autoloader\Autoloader->loadClass('App\\Controllers\\Home')
 9 SYSTEMPATH/CodeIgniter.php(899): class_exists('\\App\\Controllers\\Home', true)
10 SYSTEMPATH/CodeIgniter.php(489): CodeIgniter\CodeIgniter->startController()
11 SYSTEMPATH/CodeIgniter.php(361): CodeIgniter\CodeIgniter->handleRequest(null, Object(Config\Cache), false)
12 FCPATH/index.php(79): CodeIgniter\CodeIgniter->run()
13 SYSTEMPATH/Commands/Server/rewrite.php(47): require_once('/Users/macbookpro/myCI4app/public/index.php')
CRITICAL - 2024-03-18 03:33:49 --> Error: Class "App\Controllers\BaseController" not found
in APPPATH/Controllers/BaseController.php on line 5.
 1 SYSTEMPATH/Autoloader/Autoloader.php(311): include_once()
 2 SYSTEMPATH/Autoloader/Autoloader.php(290): CodeIgniter\Autoloader\Autoloader->includeFile('/Users/macbookpro/myCI4app/app/Controllers/BaseController.php')
 3 SYSTEMPATH/Autoloader/Autoloader.php(266): CodeIgniter\Autoloader\Autoloader->loadInNamespace('App\\Controllers\\BaseController')
 4 APPPATH/Controllers/Home.php(5): CodeIgniter\Autoloader\Autoloader->loadClass('App\\Controllers\\BaseController')
 5 SYSTEMPATH/Autoloader/Autoloader.php(311): include_once('/Users/macbookpro/myCI4app/app/Controllers/Home.php')
 6 SYSTEMPATH/Autoloader/Autoloader.php(290): CodeIgniter\Autoloader\Autoloader->includeFile('/Users/macbookpro/myCI4app/app/Controllers/Home.php')
 7 SYSTEMPATH/Autoloader/Autoloader.php(266): CodeIgniter\Autoloader\Autoloader->loadInNamespace('App\\Controllers\\Home')
 8 [internal function]: CodeIgniter\Autoloader\Autoloader->loadClass('App\\Controllers\\Home')
 9 SYSTEMPATH/CodeIgniter.php(899): class_exists('\\App\\Controllers\\Home', true)
10 SYSTEMPATH/CodeIgniter.php(489): CodeIgniter\CodeIgniter->startController()
11 SYSTEMPATH/CodeIgniter.php(361): CodeIgniter\CodeIgniter->handleRequest(null, Object(Config\Cache), false)
12 FCPATH/index.php(79): CodeIgniter\CodeIgniter->run()
13 SYSTEMPATH/Commands/Server/rewrite.php(47): require_once('/Users/macbookpro/myCI4app/public/index.php')
CRITICAL - 2024-03-18 03:36:19 --> Error: Class "App\Controllers\Controller" not found
in APPPATH/Controllers/BaseController.php on line 25.
 1 SYSTEMPATH/Autoloader/Autoloader.php(311): include_once()
 2 SYSTEMPATH/Autoloader/Autoloader.php(290): CodeIgniter\Autoloader\Autoloader->includeFile('/Users/macbookpro/myCI4app/app/Controllers/BaseController.php')
 3 SYSTEMPATH/Autoloader/Autoloader.php(266): CodeIgniter\Autoloader\Autoloader->loadInNamespace('App\\Controllers\\BaseController')
 4 APPPATH/Controllers/Home.php(5): CodeIgniter\Autoloader\Autoloader->loadClass('App\\Controllers\\BaseController')
 5 SYSTEMPATH/Autoloader/Autoloader.php(311): include_once('/Users/macbookpro/myCI4app/app/Controllers/Home.php')
 6 SYSTEMPATH/Autoloader/Autoloader.php(290): CodeIgniter\Autoloader\Autoloader->includeFile('/Users/macbookpro/myCI4app/app/Controllers/Home.php')
 7 SYSTEMPATH/Autoloader/Autoloader.php(266): CodeIgniter\Autoloader\Autoloader->loadInNamespace('App\\Controllers\\Home')
 8 [internal function]: CodeIgniter\Autoloader\Autoloader->loadClass('App\\Controllers\\Home')
 9 SYSTEMPATH/CodeIgniter.php(899): class_exists('\\App\\Controllers\\Home', true)
10 SYSTEMPATH/CodeIgniter.php(489): CodeIgniter\CodeIgniter->startController()
11 SYSTEMPATH/CodeIgniter.php(361): CodeIgniter\CodeIgniter->handleRequest(null, Object(Config\Cache), false)
12 FCPATH/index.php(79): CodeIgniter\CodeIgniter->run()
13 SYSTEMPATH/Commands/Server/rewrite.php(47): require_once('/Users/macbookpro/myCI4app/public/index.php')
CRITICAL - 2024-03-18 03:36:23 --> Error: Class "App\Controllers\Controller" not found
in APPPATH/Controllers/BaseController.php on line 25.
 1 SYSTEMPATH/Autoloader/Autoloader.php(311): include_once()
 2 SYSTEMPATH/Autoloader/Autoloader.php(290): CodeIgniter\Autoloader\Autoloader->includeFile('/Users/macbookpro/myCI4app/app/Controllers/BaseController.php')
 3 SYSTEMPATH/Autoloader/Autoloader.php(266): CodeIgniter\Autoloader\Autoloader->loadInNamespace('App\\Controllers\\BaseController')
 4 APPPATH/Controllers/Home.php(5): CodeIgniter\Autoloader\Autoloader->loadClass('App\\Controllers\\BaseController')
 5 SYSTEMPATH/Autoloader/Autoloader.php(311): include_once('/Users/macbookpro/myCI4app/app/Controllers/Home.php')
 6 SYSTEMPATH/Autoloader/Autoloader.php(290): CodeIgniter\Autoloader\Autoloader->includeFile('/Users/macbookpro/myCI4app/app/Controllers/Home.php')
 7 SYSTEMPATH/Autoloader/Autoloader.php(266): CodeIgniter\Autoloader\Autoloader->loadInNamespace('App\\Controllers\\Home')
 8 [internal function]: CodeIgniter\Autoloader\Autoloader->loadClass('App\\Controllers\\Home')
 9 SYSTEMPATH/CodeIgniter.php(899): class_exists('\\App\\Controllers\\Home', true)
10 SYSTEMPATH/CodeIgniter.php(489): CodeIgniter\CodeIgniter->startController()
11 SYSTEMPATH/CodeIgniter.php(361): CodeIgniter\CodeIgniter->handleRequest(null, Object(Config\Cache), false)
12 FCPATH/index.php(79): CodeIgniter\CodeIgniter->run()
13 SYSTEMPATH/Commands/Server/rewrite.php(47): require_once('/Users/macbookpro/myCI4app/public/index.php')
CRITICAL - 2024-03-18 03:36:25 --> Error: Class "App\Controllers\Controller" not found
in APPPATH/Controllers/BaseController.php on line 25.
 1 SYSTEMPATH/Autoloader/Autoloader.php(311): include_once()
 2 SYSTEMPATH/Autoloader/Autoloader.php(290): CodeIgniter\Autoloader\Autoloader->includeFile('/Users/macbookpro/myCI4app/app/Controllers/BaseController.php')
 3 SYSTEMPATH/Autoloader/Autoloader.php(266): CodeIgniter\Autoloader\Autoloader->loadInNamespace('App\\Controllers\\BaseController')
 4 APPPATH/Controllers/Home.php(5): CodeIgniter\Autoloader\Autoloader->loadClass('App\\Controllers\\BaseController')
 5 SYSTEMPATH/Autoloader/Autoloader.php(311): include_once('/Users/macbookpro/myCI4app/app/Controllers/Home.php')
 6 SYSTEMPATH/Autoloader/Autoloader.php(290): CodeIgniter\Autoloader\Autoloader->includeFile('/Users/macbookpro/myCI4app/app/Controllers/Home.php')
 7 SYSTEMPATH/Autoloader/Autoloader.php(266): CodeIgniter\Autoloader\Autoloader->loadInNamespace('App\\Controllers\\Home')
 8 [internal function]: CodeIgniter\Autoloader\Autoloader->loadClass('App\\Controllers\\Home')
 9 SYSTEMPATH/CodeIgniter.php(899): class_exists('\\App\\Controllers\\Home', true)
10 SYSTEMPATH/CodeIgniter.php(489): CodeIgniter\CodeIgniter->startController()
11 SYSTEMPATH/CodeIgniter.php(361): CodeIgniter\CodeIgniter->handleRequest(null, Object(Config\Cache), false)
12 FCPATH/index.php(79): CodeIgniter\CodeIgniter->run()
13 SYSTEMPATH/Commands/Server/rewrite.php(47): require_once('/Users/macbookpro/myCI4app/public/index.php')
CRITICAL - 2024-03-18 03:42:26 --> ErrorException: Undefined variable $title
in APPPATH/Views/welcome_message.php on line 281.
 1 APPPATH/Views/welcome_message.php(281): CodeIgniter\Debug\Exceptions->errorHandler(2, 'Undefined variable $title', '/Users/macbookpro/myCI4app/app/Views/welcome_message.php', 281)
 2 SYSTEMPATH/View/View.php(228): include('/Users/macbookpro/myCI4app/app/Views/welcome_message.php')
 3 SYSTEMPATH/View/View.php(231): CodeIgniter\View\View->CodeIgniter\View\{closure}()
 4 SYSTEMPATH/Common.php(1178): CodeIgniter\View\View->render('welcome_message', [], true)
 5 APPPATH/Controllers/Home.php(9): view('welcome_message')
 6 SYSTEMPATH/CodeIgniter.php(941): App\Controllers\Home->index()
 7 SYSTEMPATH/CodeIgniter.php(502): CodeIgniter\CodeIgniter->runController(Object(App\Controllers\Home))
 8 SYSTEMPATH/CodeIgniter.php(361): CodeIgniter\CodeIgniter->handleRequest(null, Object(Config\Cache), false)
 9 FCPATH/index.php(79): CodeIgniter\CodeIgniter->run()
10 SYSTEMPATH/Commands/Server/rewrite.php(47): require_once('/Users/macbookpro/myCI4app/public/index.php')
CRITICAL - 2024-03-18 03:44:02 --> ErrorException: Undefined variable $title
in APPPATH/Views/welcome_message.php on line 269.
 1 APPPATH/Views/welcome_message.php(269): CodeIgniter\Debug\Exceptions->errorHandler(2, 'Undefined variable $title', '/Users/macbookpro/myCI4app/app/Views/welcome_message.php', 269)
 2 SYSTEMPATH/View/View.php(228): include('/Users/macbookpro/myCI4app/app/Views/welcome_message.php')
 3 SYSTEMPATH/View/View.php(231): CodeIgniter\View\View->CodeIgniter\View\{closure}()
 4 SYSTEMPATH/Common.php(1178): CodeIgniter\View\View->render('welcome_message', [], true)
 5 APPPATH/Controllers/Home.php(9): view('welcome_message')
 6 SYSTEMPATH/CodeIgniter.php(941): App\Controllers\Home->index()
 7 SYSTEMPATH/CodeIgniter.php(502): CodeIgniter\CodeIgniter->runController(Object(App\Controllers\Home))
 8 SYSTEMPATH/CodeIgniter.php(361): CodeIgniter\CodeIgniter->handleRequest(null, Object(Config\Cache), false)
 9 FCPATH/index.php(79): CodeIgniter\CodeIgniter->run()
10 SYSTEMPATH/Commands/Server/rewrite.php(47): require_once('/Users/macbookpro/myCI4app/public/index.php')
CRITICAL - 2024-03-18 03:49:27 --> Error: Undefined constant "title"
in APPPATH/Views/welcome_message.php on line 237.
 1 SYSTEMPATH/View/View.php(228): include()
 2 SYSTEMPATH/View/View.php(231): CodeIgniter\View\View->CodeIgniter\View\{closure}()
 3 SYSTEMPATH/Common.php(1178): CodeIgniter\View\View->render('welcome_message', [], true)
 4 APPPATH/Controllers/Home.php(9): view('welcome_message')
 5 SYSTEMPATH/CodeIgniter.php(941): App\Controllers\Home->index()
 6 SYSTEMPATH/CodeIgniter.php(502): CodeIgniter\CodeIgniter->runController(Object(App\Controllers\Home))
 7 SYSTEMPATH/CodeIgniter.php(361): CodeIgniter\CodeIgniter->handleRequest(null, Object(Config\Cache), false)
 8 FCPATH/index.php(79): CodeIgniter\CodeIgniter->run()
 9 SYSTEMPATH/Commands/Server/rewrite.php(47): require_once('/Users/macbookpro/myCI4app/public/index.php')
CRITICAL - 2024-03-18 03:49:28 --> Error: Undefined constant "title"
in APPPATH/Views/welcome_message.php on line 237.
 1 SYSTEMPATH/View/View.php(228): include()
 2 SYSTEMPATH/View/View.php(231): CodeIgniter\View\View->CodeIgniter\View\{closure}()
 3 SYSTEMPATH/Common.php(1178): CodeIgniter\View\View->render('welcome_message', [], true)
 4 APPPATH/Controllers/Home.php(9): view('welcome_message')
 5 SYSTEMPATH/CodeIgniter.php(941): App\Controllers\Home->index()
 6 SYSTEMPATH/CodeIgniter.php(502): CodeIgniter\CodeIgniter->runController(Object(App\Controllers\Home))
 7 SYSTEMPATH/CodeIgniter.php(361): CodeIgniter\CodeIgniter->handleRequest(null, Object(Config\Cache), false)
 8 FCPATH/index.php(79): CodeIgniter\CodeIgniter->run()
 9 SYSTEMPATH/Commands/Server/rewrite.php(47): require_once('/Users/macbookpro/myCI4app/public/index.php')
CRITICAL - 2024-03-18 03:49:33 --> Error: Undefined constant "title"
in APPPATH/Views/welcome_message.php on line 237.
 1 SYSTEMPATH/View/View.php(228): include()
 2 SYSTEMPATH/View/View.php(231): CodeIgniter\View\View->CodeIgniter\View\{closure}()
 3 SYSTEMPATH/Common.php(1178): CodeIgniter\View\View->render('welcome_message', [], true)
 4 APPPATH/Controllers/Home.php(9): view('welcome_message')
 5 SYSTEMPATH/CodeIgniter.php(941): App\Controllers\Home->index()
 6 SYSTEMPATH/CodeIgniter.php(502): CodeIgniter\CodeIgniter->runController(Object(App\Controllers\Home))
 7 SYSTEMPATH/CodeIgniter.php(361): CodeIgniter\CodeIgniter->handleRequest(null, Object(Config\Cache), false)
 8 FCPATH/index.php(79): CodeIgniter\CodeIgniter->run()
 9 SYSTEMPATH/Commands/Server/rewrite.php(47): require_once('/Users/macbookpro/myCI4app/public/index.php')
CRITICAL - 2024-03-18 03:50:33 --> Error: Undefined constant "title"
in APPPATH/Views/welcome_message.php on line 10.
 1 SYSTEMPATH/View/View.php(228): include()
 2 SYSTEMPATH/View/View.php(231): CodeIgniter\View\View->CodeIgniter\View\{closure}()
 3 SYSTEMPATH/Common.php(1178): CodeIgniter\View\View->render('welcome_message', [], true)
 4 APPPATH/Controllers/Home.php(9): view('welcome_message')
 5 SYSTEMPATH/CodeIgniter.php(941): App\Controllers\Home->index()
 6 SYSTEMPATH/CodeIgniter.php(502): CodeIgniter\CodeIgniter->runController(Object(App\Controllers\Home))
 7 SYSTEMPATH/CodeIgniter.php(361): CodeIgniter\CodeIgniter->handleRequest(null, Object(Config\Cache), false)
 8 FCPATH/index.php(79): CodeIgniter\CodeIgniter->run()
 9 SYSTEMPATH/Commands/Server/rewrite.php(47): require_once('/Users/macbookpro/myCI4app/public/index.php')
CRITICAL - 2024-03-18 04:09:24 --> Error: Undefined constant "title"
in APPPATH/Views/welcome_message.php on line 240.
 1 SYSTEMPATH/View/View.php(228): include()
 2 SYSTEMPATH/View/View.php(231): CodeIgniter\View\View->CodeIgniter\View\{closure}()
 3 SYSTEMPATH/Common.php(1178): CodeIgniter\View\View->render('welcome_message', [], true)
 4 APPPATH/Controllers/Home.php(9): view('welcome_message')
 5 SYSTEMPATH/CodeIgniter.php(941): App\Controllers\Home->index()
 6 SYSTEMPATH/CodeIgniter.php(502): CodeIgniter\CodeIgniter->runController(Object(App\Controllers\Home))
 7 SYSTEMPATH/CodeIgniter.php(361): CodeIgniter\CodeIgniter->handleRequest(null, Object(Config\Cache), false)
 8 FCPATH/index.php(79): CodeIgniter\CodeIgniter->run()
 9 SYSTEMPATH/Commands/Server/rewrite.php(47): require_once('/Users/macbookpro/myCI4app/public/index.php')
CRITICAL - 2024-03-18 04:11:33 --> ErrorException: Undefined variable $title
in APPPATH/Views/welcome_message.php on line 242.
 1 APPPATH/Views/welcome_message.php(242): CodeIgniter\Debug\Exceptions->errorHandler(2, 'Undefined variable $title', '/Users/macbookpro/myCI4app/app/Views/welcome_message.php', 242)
 2 SYSTEMPATH/View/View.php(228): include('/Users/macbookpro/myCI4app/app/Views/welcome_message.php')
 3 SYSTEMPATH/View/View.php(231): CodeIgniter\View\View->CodeIgniter\View\{closure}()
 4 SYSTEMPATH/Common.php(1178): CodeIgniter\View\View->render('welcome_message', [], true)
 5 APPPATH/Controllers/Home.php(9): view('welcome_message')
 6 SYSTEMPATH/CodeIgniter.php(941): App\Controllers\Home->index()
 7 SYSTEMPATH/CodeIgniter.php(502): CodeIgniter\CodeIgniter->runController(Object(App\Controllers\Home))
 8 SYSTEMPATH/CodeIgniter.php(361): CodeIgniter\CodeIgniter->handleRequest(null, Object(Config\Cache), false)
 9 FCPATH/index.php(79): CodeIgniter\CodeIgniter->run()
10 SYSTEMPATH/Commands/Server/rewrite.php(47): require_once('/Users/macbookpro/myCI4app/public/index.php')
CRITICAL - 2024-03-18 04:11:35 --> ErrorException: Undefined variable $title
in APPPATH/Views/welcome_message.php on line 242.
 1 APPPATH/Views/welcome_message.php(242): CodeIgniter\Debug\Exceptions->errorHandler(2, 'Undefined variable $title', '/Users/macbookpro/myCI4app/app/Views/welcome_message.php', 242)
 2 SYSTEMPATH/View/View.php(228): include('/Users/macbookpro/myCI4app/app/Views/welcome_message.php')
 3 SYSTEMPATH/View/View.php(231): CodeIgniter\View\View->CodeIgniter\View\{closure}()
 4 SYSTEMPATH/Common.php(1178): CodeIgniter\View\View->render('welcome_message', [], true)
 5 APPPATH/Controllers/Home.php(9): view('welcome_message')
 6 SYSTEMPATH/CodeIgniter.php(941): App\Controllers\Home->index()
 7 SYSTEMPATH/CodeIgniter.php(502): CodeIgniter\CodeIgniter->runController(Object(App\Controllers\Home))
 8 SYSTEMPATH/CodeIgniter.php(361): CodeIgniter\CodeIgniter->handleRequest(null, Object(Config\Cache), false)
 9 FCPATH/index.php(79): CodeIgniter\CodeIgniter->run()
10 SYSTEMPATH/Commands/Server/rewrite.php(47): require_once('/Users/macbookpro/myCI4app/public/index.php')
CRITICAL - 2024-03-18 04:12:06 --> ErrorException: Undefined variable $title
in APPPATH/Views/welcome_message.php on line 241.
 1 APPPATH/Views/welcome_message.php(241): CodeIgniter\Debug\Exceptions->errorHandler(2, 'Undefined variable $title', '/Users/macbookpro/myCI4app/app/Views/welcome_message.php', 241)
 2 SYSTEMPATH/View/View.php(228): include('/Users/macbookpro/myCI4app/app/Views/welcome_message.php')
 3 SYSTEMPATH/View/View.php(231): CodeIgniter\View\View->CodeIgniter\View\{closure}()
 4 SYSTEMPATH/Common.php(1178): CodeIgniter\View\View->render('welcome_message', [], true)
 5 APPPATH/Controllers/Home.php(9): view('welcome_message')
 6 SYSTEMPATH/CodeIgniter.php(941): App\Controllers\Home->index()
 7 SYSTEMPATH/CodeIgniter.php(502): CodeIgniter\CodeIgniter->runController(Object(App\Controllers\Home))
 8 SYSTEMPATH/CodeIgniter.php(361): CodeIgniter\CodeIgniter->handleRequest(null, Object(Config\Cache), false)
 9 FCPATH/index.php(79): CodeIgniter\CodeIgniter->run()
10 SYSTEMPATH/Commands/Server/rewrite.php(47): require_once('/Users/macbookpro/myCI4app/public/index.php')
CRITICAL - 2024-03-18 04:12:07 --> ErrorException: Undefined variable $title
in APPPATH/Views/welcome_message.php on line 241.
 1 APPPATH/Views/welcome_message.php(241): CodeIgniter\Debug\Exceptions->errorHandler(2, 'Undefined variable $title', '/Users/macbookpro/myCI4app/app/Views/welcome_message.php', 241)
 2 SYSTEMPATH/View/View.php(228): include('/Users/macbookpro/myCI4app/app/Views/welcome_message.php')
 3 SYSTEMPATH/View/View.php(231): CodeIgniter\View\View->CodeIgniter\View\{closure}()
 4 SYSTEMPATH/Common.php(1178): CodeIgniter\View\View->render('welcome_message', [], true)
 5 APPPATH/Controllers/Home.php(9): view('welcome_message')
 6 SYSTEMPATH/CodeIgniter.php(941): App\Controllers\Home->index()
 7 SYSTEMPATH/CodeIgniter.php(502): CodeIgniter\CodeIgniter->runController(Object(App\Controllers\Home))
 8 SYSTEMPATH/CodeIgniter.php(361): CodeIgniter\CodeIgniter->handleRequest(null, Object(Config\Cache), false)
 9 FCPATH/index.php(79): CodeIgniter\CodeIgniter->run()
10 SYSTEMPATH/Commands/Server/rewrite.php(47): require_once('/Users/macbookpro/myCI4app/public/index.php')
CRITICAL - 2024-03-18 04:15:46 --> Error: Undefined constant "title"
in APPPATH/Views/welcome_message.php on line 240.
 1 SYSTEMPATH/View/View.php(228): include()
 2 SYSTEMPATH/View/View.php(231): CodeIgniter\View\View->CodeIgniter\View\{closure}()
 3 SYSTEMPATH/Common.php(1178): CodeIgniter\View\View->render('welcome_message', [], true)
 4 APPPATH/Controllers/Home.php(9): view('welcome_message')
 5 SYSTEMPATH/CodeIgniter.php(941): App\Controllers\Home->index()
 6 SYSTEMPATH/CodeIgniter.php(502): CodeIgniter\CodeIgniter->runController(Object(App\Controllers\Home))
 7 SYSTEMPATH/CodeIgniter.php(361): CodeIgniter\CodeIgniter->handleRequest(null, Object(Config\Cache), false)
 8 FCPATH/index.php(79): CodeIgniter\CodeIgniter->run()
 9 SYSTEMPATH/Commands/Server/rewrite.php(47): require_once('/Users/macbookpro/myCI4app/public/index.php')
CRITICAL - 2024-03-18 04:21:56 --> CodeIgniter\View\Exceptions\ViewException: Invalid file: "templates/header.php"
in SYSTEMPATH/Exceptions/FrameworkException.php on line 39.
 1 SYSTEMPATH/View/View.php(216): CodeIgniter\Exceptions\FrameworkException::forInvalidFile('templates/header.php')
 2 SYSTEMPATH/Common.php(1178): CodeIgniter\View\View->render('templates/header', [], true)
 3 APPPATH/Controllers/Pages.php(31): view('templates/header', [...])
 4 SYSTEMPATH/CodeIgniter.php(941): App\Controllers\Pages->view('home')
 5 SYSTEMPATH/CodeIgniter.php(502): CodeIgniter\CodeIgniter->runController(Object(App\Controllers\Pages))
 6 SYSTEMPATH/CodeIgniter.php(361): CodeIgniter\CodeIgniter->handleRequest(null, Object(Config\Cache), false)
 7 FCPATH/index.php(79): CodeIgniter\CodeIgniter->run()
 8 SYSTEMPATH/Commands/Server/rewrite.php(47): require_once('/Users/macbookpro/myCI4app/public/index.php')
CRITICAL - 2024-03-18 04:23:45 --> CodeIgniter\View\Exceptions\ViewException: Invalid file: "templates/header.php"
in SYSTEMPATH/Exceptions/FrameworkException.php on line 39.
 1 SYSTEMPATH/View/View.php(216): CodeIgniter\Exceptions\FrameworkException::forInvalidFile('templates/header.php')
 2 SYSTEMPATH/Common.php(1178): CodeIgniter\View\View->render('templates/header', [], true)
 3 APPPATH/Controllers/Pages.php(31): view('templates/header', [...])
 4 SYSTEMPATH/CodeIgniter.php(941): App\Controllers\Pages->view('home')
 5 SYSTEMPATH/CodeIgniter.php(502): CodeIgniter\CodeIgniter->runController(Object(App\Controllers\Pages))
 6 SYSTEMPATH/CodeIgniter.php(361): CodeIgniter\CodeIgniter->handleRequest(null, Object(Config\Cache), false)
 7 FCPATH/index.php(79): CodeIgniter\CodeIgniter->run()
 8 SYSTEMPATH/Commands/Server/rewrite.php(47): require_once('/Users/macbookpro/myCI4app/public/index.php')
CRITICAL - 2024-03-18 04:23:46 --> CodeIgniter\View\Exceptions\ViewException: Invalid file: "templates/header.php"
in SYSTEMPATH/Exceptions/FrameworkException.php on line 39.
 1 SYSTEMPATH/View/View.php(216): CodeIgniter\Exceptions\FrameworkException::forInvalidFile('templates/header.php')
 2 SYSTEMPATH/Common.php(1178): CodeIgniter\View\View->render('templates/header', [], true)
 3 APPPATH/Controllers/Pages.php(31): view('templates/header', [...])
 4 SYSTEMPATH/CodeIgniter.php(941): App\Controllers\Pages->view('home')
 5 SYSTEMPATH/CodeIgniter.php(502): CodeIgniter\CodeIgniter->runController(Object(App\Controllers\Pages))
 6 SYSTEMPATH/CodeIgniter.php(361): CodeIgniter\CodeIgniter->handleRequest(null, Object(Config\Cache), false)
 7 FCPATH/index.php(79): CodeIgniter\CodeIgniter->run()
 8 SYSTEMPATH/Commands/Server/rewrite.php(47): require_once('/Users/macbookpro/myCI4app/public/index.php')
CRITICAL - 2024-03-18 04:23:48 --> CodeIgniter\View\Exceptions\ViewException: Invalid file: "templates/header.php"
in SYSTEMPATH/Exceptions/FrameworkException.php on line 39.
 1 SYSTEMPATH/View/View.php(216): CodeIgniter\Exceptions\FrameworkException::forInvalidFile('templates/header.php')
 2 SYSTEMPATH/Common.php(1178): CodeIgniter\View\View->render('templates/header', [], true)
 3 APPPATH/Controllers/Pages.php(31): view('templates/header', [...])
 4 SYSTEMPATH/CodeIgniter.php(941): App\Controllers\Pages->view('home')
 5 SYSTEMPATH/CodeIgniter.php(502): CodeIgniter\CodeIgniter->runController(Object(App\Controllers\Pages))
 6 SYSTEMPATH/CodeIgniter.php(361): CodeIgniter\CodeIgniter->handleRequest(null, Object(Config\Cache), false)
 7 FCPATH/index.php(79): CodeIgniter\CodeIgniter->run()
 8 SYSTEMPATH/Commands/Server/rewrite.php(47): require_once('/Users/macbookpro/myCI4app/public/index.php')
INFO - 2024-03-18 06:46:44 --> Session: Class initialized using 'CodeIgniter\Session\Handlers\FileHandler' driver.
ERROR - 2024-03-18 06:48:26 --> Error connecting to the database: mysqli_sql_exception: No such file or directory in /Users/macbookpro/myCI4app/vendor/codeigniter4/framework/system/Database/MySQLi/Connection.php:184
Stack trace:
#0 /Users/macbookpro/myCI4app/vendor/codeigniter4/framework/system/Database/MySQLi/Connection.php(184): mysqli->real_connect('localhost', 'root', Object(SensitiveParameterValue), 'ci4', 3306, '', 0)
#1 /Users/macbookpro/myCI4app/vendor/codeigniter4/framework/system/Database/BaseConnection.php(392): CodeIgniter\Database\MySQLi\Connection->connect(false)
#2 /Users/macbookpro/myCI4app/vendor/codeigniter4/framework/system/Database/BaseConnection.php(575): CodeIgniter\Database\BaseConnection->initialize()
#3 /Users/macbookpro/myCI4app/vendor/codeigniter4/framework/system/Database/BaseBuilder.php(1616): CodeIgniter\Database\BaseConnection->query('SELECT *\nFROM `...', Array, false)
#4 /Users/macbookpro/myCI4app/vendor/codeigniter4/framework/system/Model.php(242): CodeIgniter\Database\BaseBuilder->get()
#5 /Users/macbookpro/myCI4app/vendor/codeigniter4/framework/system/BaseModel.php(638): CodeIgniter\Model->doFindAll(0, 0)
#6 /Users/macbookpro/myCI4app/app/Models/NewsModel.php(25): CodeIgniter\BaseModel->findAll()
#7 /Users/macbookpro/myCI4app/app/Controllers/News.php(15): App\Models\NewsModel->getNews()
#8 /Users/macbookpro/myCI4app/vendor/codeigniter4/framework/system/CodeIgniter.php(941): App\Controllers\News->index()
#9 /Users/macbookpro/myCI4app/vendor/codeigniter4/framework/system/CodeIgniter.php(502): CodeIgniter\CodeIgniter->runController(Object(App\Controllers\News))
#10 /Users/macbookpro/myCI4app/vendor/codeigniter4/framework/system/CodeIgniter.php(361): CodeIgniter\CodeIgniter->handleRequest(NULL, Object(Config\Cache), false)
#11 /Users/macbookpro/myCI4app/public/index.php(79): CodeIgniter\CodeIgniter->run()
#12 /Users/macbookpro/myCI4app/vendor/codeigniter4/framework/system/Commands/Server/rewrite.php(47): require_once('/Users/macbookp...')
#13 {main}

Next CodeIgniter\Database\Exceptions\DatabaseException: No such file or directory in /Users/macbookpro/myCI4app/vendor/codeigniter4/framework/system/Database/MySQLi/Connection.php:229
Stack trace:
#0 /Users/macbookpro/myCI4app/vendor/codeigniter4/framework/system/Database/BaseConnection.php(392): CodeIgniter\Database\MySQLi\Connection->connect(false)
#1 /Users/macbookpro/myCI4app/vendor/codeigniter4/framework/system/Database/BaseConnection.php(575): CodeIgniter\Database\BaseConnection->initialize()
#2 /Users/macbookpro/myCI4app/vendor/codeigniter4/framework/system/Database/BaseBuilder.php(1616): CodeIgniter\Database\BaseConnection->query('SELECT *\nFROM `...', Array, false)
#3 /Users/macbookpro/myCI4app/vendor/codeigniter4/framework/system/Model.php(242): CodeIgniter\Database\BaseBuilder->get()
#4 /Users/macbookpro/myCI4app/vendor/codeigniter4/framework/system/BaseModel.php(638): CodeIgniter\Model->doFindAll(0, 0)
#5 /Users/macbookpro/myCI4app/app/Models/NewsModel.php(25): CodeIgniter\BaseModel->findAll()
#6 /Users/macbookpro/myCI4app/app/Controllers/News.php(15): App\Models\NewsModel->getNews()
#7 /Users/macbookpro/myCI4app/vendor/codeigniter4/framework/system/CodeIgniter.php(941): App\Controllers\News->index()
#8 /Users/macbookpro/myCI4app/vendor/codeigniter4/framework/system/CodeIgniter.php(502): CodeIgniter\CodeIgniter->runController(Object(App\Controllers\News))
#9 /Users/macbookpro/myCI4app/vendor/codeigniter4/framework/system/CodeIgniter.php(361): CodeIgniter\CodeIgniter->handleRequest(NULL, Object(Config\Cache), false)
#10 /Users/macbookpro/myCI4app/public/index.php(79): CodeIgniter\CodeIgniter->run()
#11 /Users/macbookpro/myCI4app/vendor/codeigniter4/framework/system/Commands/Server/rewrite.php(47): require_once('/Users/macbookp...')
#12 {main}
CRITICAL - 2024-03-18 06:48:26 --> CodeIgniter\Database\Exceptions\DatabaseException: Unable to connect to the database.
Main connection [MySQLi]: No such file or directory
in SYSTEMPATH/Database/BaseConnection.php on line 428.
 1 SYSTEMPATH/Database/BaseConnection.php(575): CodeIgniter\Database\BaseConnection->initialize()
 2 SYSTEMPATH/Database/BaseBuilder.php(1616): CodeIgniter\Database\BaseConnection->query('SELECT *
FROM `news`', [], false)
 3 SYSTEMPATH/Model.php(242): CodeIgniter\Database\BaseBuilder->get()
 4 SYSTEMPATH/BaseModel.php(638): CodeIgniter\Model->doFindAll(0, 0)
 5 APPPATH/Models/NewsModel.php(25): CodeIgniter\BaseModel->findAll()
 6 APPPATH/Controllers/News.php(15): App\Models\NewsModel->getNews()
 7 SYSTEMPATH/CodeIgniter.php(941): App\Controllers\News->index()
 8 SYSTEMPATH/CodeIgniter.php(502): CodeIgniter\CodeIgniter->runController(Object(App\Controllers\News))
 9 SYSTEMPATH/CodeIgniter.php(361): CodeIgniter\CodeIgniter->handleRequest(null, Object(Config\Cache), false)
10 FCPATH/index.php(79): CodeIgniter\CodeIgniter->run()
11 SYSTEMPATH/Commands/Server/rewrite.php(47): require_once('/Users/macbookpro/myCI4app/public/index.php')
INFO - 2024-03-18 06:48:33 --> Session: Class initialized using 'CodeIgniter\Session\Handlers\FileHandler' driver.
CRITICAL - 2024-03-18 06:49:32 --> ErrorException: Undefined property: Config\Filters::$aliases
in SYSTEMPATH/Filters/Filters.php on line 576.
 1 SYSTEMPATH/Filters/Filters.php(576): CodeIgniter\Debug\Exceptions->errorHandler(2, 'Undefined property: Config\\Filters::$aliases', '/Users/macbookpro/myCI4app/vendor/codeigniter4/framework/system/Filters/Filters.php', 576)
 2 SYSTEMPATH/Filters/Filters.php(261): CodeIgniter\Filters\Filters->processAliasesToClass('before')
 3 SYSTEMPATH/Filters/Filters.php(172): CodeIgniter\Filters\Filters->initialize('news')
 4 SYSTEMPATH/CodeIgniter.php(474): CodeIgniter\Filters\Filters->run('news', 'before')
 5 SYSTEMPATH/CodeIgniter.php(361): CodeIgniter\CodeIgniter->handleRequest(null, Object(Config\Cache), false)
 6 FCPATH/index.php(79): CodeIgniter\CodeIgniter->run()
 7 SYSTEMPATH/Commands/Server/rewrite.php(47): require_once('/Users/macbookpro/myCI4app/public/index.php')
INFO - 2024-03-18 06:49:43 --> Session: Class initialized using 'CodeIgniter\Session\Handlers\FileHandler' driver.
CRITICAL - 2024-03-18 06:49:50 --> ErrorException: Undefined property: Config\Filters::$aliases
in SYSTEMPATH/Filters/Filters.php on line 576.
 1 SYSTEMPATH/Filters/Filters.php(576): CodeIgniter\Debug\Exceptions->errorHandler(2, 'Undefined property: Config\\Filters::$aliases', '/Users/macbookpro/myCI4app/vendor/codeigniter4/framework/system/Filters/Filters.php', 576)
 2 SYSTEMPATH/Filters/Filters.php(261): CodeIgniter\Filters\Filters->processAliasesToClass('before')
 3 SYSTEMPATH/Filters/Filters.php(172): CodeIgniter\Filters\Filters->initialize('news')
 4 SYSTEMPATH/CodeIgniter.php(474): CodeIgniter\Filters\Filters->run('news', 'before')
 5 SYSTEMPATH/CodeIgniter.php(361): CodeIgniter\CodeIgniter->handleRequest(null, Object(Config\Cache), false)
 6 FCPATH/index.php(79): CodeIgniter\CodeIgniter->run()
 7 SYSTEMPATH/Commands/Server/rewrite.php(47): require_once('/Users/macbookpro/myCI4app/public/index.php')
CRITICAL - 2024-03-18 06:51:54 --> ErrorException: Cannot redeclare Config\Filters::$methods
in APPPATH/Config/Filters.php on line 66.
 1 [internal function]: CodeIgniter\Debug\Exceptions->shutdownHandler()
CRITICAL - 2024-03-18 06:51:56 --> ErrorException: Cannot redeclare Config\Filters::$methods
in APPPATH/Config/Filters.php on line 66.
 1 [internal function]: CodeIgniter\Debug\Exceptions->shutdownHandler()
CRITICAL - 2024-03-18 06:51:58 --> ErrorException: Cannot redeclare Config\Filters::$methods
in APPPATH/Config/Filters.php on line 66.
 1 [internal function]: CodeIgniter\Debug\Exceptions->shutdownHandler()
ERROR - 2024-03-18 06:52:36 --> Error connecting to the database: mysqli_sql_exception: No such file or directory in /Users/macbookpro/myCI4app/vendor/codeigniter4/framework/system/Database/MySQLi/Connection.php:184
Stack trace:
#0 /Users/macbookpro/myCI4app/vendor/codeigniter4/framework/system/Database/MySQLi/Connection.php(184): mysqli->real_connect('localhost', 'root', Object(SensitiveParameterValue), 'ci4', 3306, '', 0)
#1 /Users/macbookpro/myCI4app/vendor/codeigniter4/framework/system/Database/BaseConnection.php(392): CodeIgniter\Database\MySQLi\Connection->connect(false)
#2 /Users/macbookpro/myCI4app/vendor/codeigniter4/framework/system/Database/BaseConnection.php(575): CodeIgniter\Database\BaseConnection->initialize()
#3 /Users/macbookpro/myCI4app/vendor/codeigniter4/framework/system/Database/BaseBuilder.php(1616): CodeIgniter\Database\BaseConnection->query('SELECT *\nFROM `...', Array, false)
#4 /Users/macbookpro/myCI4app/vendor/codeigniter4/framework/system/Model.php(242): CodeIgniter\Database\BaseBuilder->get()
#5 /Users/macbookpro/myCI4app/vendor/codeigniter4/framework/system/BaseModel.php(638): CodeIgniter\Model->doFindAll(0, 0)
#6 /Users/macbookpro/myCI4app/app/Models/NewsModel.php(25): CodeIgniter\BaseModel->findAll()
#7 /Users/macbookpro/myCI4app/app/Controllers/News.php(15): App\Models\NewsModel->getNews()
#8 /Users/macbookpro/myCI4app/vendor/codeigniter4/framework/system/CodeIgniter.php(941): App\Controllers\News->index()
#9 /Users/macbookpro/myCI4app/vendor/codeigniter4/framework/system/CodeIgniter.php(502): CodeIgniter\CodeIgniter->runController(Object(App\Controllers\News))
#10 /Users/macbookpro/myCI4app/vendor/codeigniter4/framework/system/CodeIgniter.php(361): CodeIgniter\CodeIgniter->handleRequest(NULL, Object(Config\Cache), false)
#11 /Users/macbookpro/myCI4app/public/index.php(79): CodeIgniter\CodeIgniter->run()
#12 /Users/macbookpro/myCI4app/vendor/codeigniter4/framework/system/Commands/Server/rewrite.php(47): require_once('/Users/macbookp...')
#13 {main}

Next CodeIgniter\Database\Exceptions\DatabaseException: No such file or directory in /Users/macbookpro/myCI4app/vendor/codeigniter4/framework/system/Database/MySQLi/Connection.php:229
Stack trace:
#0 /Users/macbookpro/myCI4app/vendor/codeigniter4/framework/system/Database/BaseConnection.php(392): CodeIgniter\Database\MySQLi\Connection->connect(false)
#1 /Users/macbookpro/myCI4app/vendor/codeigniter4/framework/system/Database/BaseConnection.php(575): CodeIgniter\Database\BaseConnection->initialize()
#2 /Users/macbookpro/myCI4app/vendor/codeigniter4/framework/system/Database/BaseBuilder.php(1616): CodeIgniter\Database\BaseConnection->query('SELECT *\nFROM `...', Array, false)
#3 /Users/macbookpro/myCI4app/vendor/codeigniter4/framework/system/Model.php(242): CodeIgniter\Database\BaseBuilder->get()
#4 /Users/macbookpro/myCI4app/vendor/codeigniter4/framework/system/BaseModel.php(638): CodeIgniter\Model->doFindAll(0, 0)
#5 /Users/macbookpro/myCI4app/app/Models/NewsModel.php(25): CodeIgniter\BaseModel->findAll()
#6 /Users/macbookpro/myCI4app/app/Controllers/News.php(15): App\Models\NewsModel->getNews()
#7 /Users/macbookpro/myCI4app/vendor/codeigniter4/framework/system/CodeIgniter.php(941): App\Controllers\News->index()
#8 /Users/macbookpro/myCI4app/vendor/codeigniter4/framework/system/CodeIgniter.php(502): CodeIgniter\CodeIgniter->runController(Object(App\Controllers\News))
#9 /Users/macbookpro/myCI4app/vendor/codeigniter4/framework/system/CodeIgniter.php(361): CodeIgniter\CodeIgniter->handleRequest(NULL, Object(Config\Cache), false)
#10 /Users/macbookpro/myCI4app/public/index.php(79): CodeIgniter\CodeIgniter->run()
#11 /Users/macbookpro/myCI4app/vendor/codeigniter4/framework/system/Commands/Server/rewrite.php(47): require_once('/Users/macbookp...')
#12 {main}
CRITICAL - 2024-03-18 06:52:36 --> CodeIgniter\Database\Exceptions\DatabaseException: Unable to connect to the database.
Main connection [MySQLi]: No such file or directory
in SYSTEMPATH/Database/BaseConnection.php on line 428.
 1 SYSTEMPATH/Database/BaseConnection.php(575): CodeIgniter\Database\BaseConnection->initialize()
 2 SYSTEMPATH/Database/BaseBuilder.php(1616): CodeIgniter\Database\BaseConnection->query('SELECT *
FROM `news`', [], false)
 3 SYSTEMPATH/Model.php(242): CodeIgniter\Database\BaseBuilder->get()
 4 SYSTEMPATH/BaseModel.php(638): CodeIgniter\Model->doFindAll(0, 0)
 5 APPPATH/Models/NewsModel.php(25): CodeIgniter\BaseModel->findAll()
 6 APPPATH/Controllers/News.php(15): App\Models\NewsModel->getNews()
 7 SYSTEMPATH/CodeIgniter.php(941): App\Controllers\News->index()
 8 SYSTEMPATH/CodeIgniter.php(502): CodeIgniter\CodeIgniter->runController(Object(App\Controllers\News))
 9 SYSTEMPATH/CodeIgniter.php(361): CodeIgniter\CodeIgniter->handleRequest(null, Object(Config\Cache), false)
10 FCPATH/index.php(79): CodeIgniter\CodeIgniter->run()
11 SYSTEMPATH/Commands/Server/rewrite.php(47): require_once('/Users/macbookpro/myCI4app/public/index.php')
ERROR - 2024-03-18 06:52:38 --> Error connecting to the database: mysqli_sql_exception: No such file or directory in /Users/macbookpro/myCI4app/vendor/codeigniter4/framework/system/Database/MySQLi/Connection.php:184
Stack trace:
#0 /Users/macbookpro/myCI4app/vendor/codeigniter4/framework/system/Database/MySQLi/Connection.php(184): mysqli->real_connect('localhost', 'root', Object(SensitiveParameterValue), 'ci4', 3306, '', 0)
#1 /Users/macbookpro/myCI4app/vendor/codeigniter4/framework/system/Database/BaseConnection.php(392): CodeIgniter\Database\MySQLi\Connection->connect(false)
#2 /Users/macbookpro/myCI4app/vendor/codeigniter4/framework/system/Database/BaseConnection.php(575): CodeIgniter\Database\BaseConnection->initialize()
#3 /Users/macbookpro/myCI4app/vendor/codeigniter4/framework/system/Database/BaseBuilder.php(1616): CodeIgniter\Database\BaseConnection->query('SELECT *\nFROM `...', Array, false)
#4 /Users/macbookpro/myCI4app/vendor/codeigniter4/framework/system/Model.php(242): CodeIgniter\Database\BaseBuilder->get()
#5 /Users/macbookpro/myCI4app/vendor/codeigniter4/framework/system/BaseModel.php(638): CodeIgniter\Model->doFindAll(0, 0)
#6 /Users/macbookpro/myCI4app/app/Models/NewsModel.php(25): CodeIgniter\BaseModel->findAll()
#7 /Users/macbookpro/myCI4app/app/Controllers/News.php(15): App\Models\NewsModel->getNews()
#8 /Users/macbookpro/myCI4app/vendor/codeigniter4/framework/system/CodeIgniter.php(941): App\Controllers\News->index()
#9 /Users/macbookpro/myCI4app/vendor/codeigniter4/framework/system/CodeIgniter.php(502): CodeIgniter\CodeIgniter->runController(Object(App\Controllers\News))
#10 /Users/macbookpro/myCI4app/vendor/codeigniter4/framework/system/CodeIgniter.php(361): CodeIgniter\CodeIgniter->handleRequest(NULL, Object(Config\Cache), false)
#11 /Users/macbookpro/myCI4app/public/index.php(79): CodeIgniter\CodeIgniter->run()
#12 /Users/macbookpro/myCI4app/vendor/codeigniter4/framework/system/Commands/Server/rewrite.php(47): require_once('/Users/macbookp...')
#13 {main}

Next CodeIgniter\Database\Exceptions\DatabaseException: No such file or directory in /Users/macbookpro/myCI4app/vendor/codeigniter4/framework/system/Database/MySQLi/Connection.php:229
Stack trace:
#0 /Users/macbookpro/myCI4app/vendor/codeigniter4/framework/system/Database/BaseConnection.php(392): CodeIgniter\Database\MySQLi\Connection->connect(false)
#1 /Users/macbookpro/myCI4app/vendor/codeigniter4/framework/system/Database/BaseConnection.php(575): CodeIgniter\Database\BaseConnection->initialize()
#2 /Users/macbookpro/myCI4app/vendor/codeigniter4/framework/system/Database/BaseBuilder.php(1616): CodeIgniter\Database\BaseConnection->query('SELECT *\nFROM `...', Array, false)
#3 /Users/macbookpro/myCI4app/vendor/codeigniter4/framework/system/Model.php(242): CodeIgniter\Database\BaseBuilder->get()
#4 /Users/macbookpro/myCI4app/vendor/codeigniter4/framework/system/BaseModel.php(638): CodeIgniter\Model->doFindAll(0, 0)
#5 /Users/macbookpro/myCI4app/app/Models/NewsModel.php(25): CodeIgniter\BaseModel->findAll()
#6 /Users/macbookpro/myCI4app/app/Controllers/News.php(15): App\Models\NewsModel->getNews()
#7 /Users/macbookpro/myCI4app/vendor/codeigniter4/framework/system/CodeIgniter.php(941): App\Controllers\News->index()
#8 /Users/macbookpro/myCI4app/vendor/codeigniter4/framework/system/CodeIgniter.php(502): CodeIgniter\CodeIgniter->runController(Object(App\Controllers\News))
#9 /Users/macbookpro/myCI4app/vendor/codeigniter4/framework/system/CodeIgniter.php(361): CodeIgniter\CodeIgniter->handleRequest(NULL, Object(Config\Cache), false)
#10 /Users/macbookpro/myCI4app/public/index.php(79): CodeIgniter\CodeIgniter->run()
#11 /Users/macbookpro/myCI4app/vendor/codeigniter4/framework/system/Commands/Server/rewrite.php(47): require_once('/Users/macbookp...')
#12 {main}
CRITICAL - 2024-03-18 06:52:38 --> CodeIgniter\Database\Exceptions\DatabaseException: Unable to connect to the database.
Main connection [MySQLi]: No such file or directory
in SYSTEMPATH/Database/BaseConnection.php on line 428.
 1 SYSTEMPATH/Database/BaseConnection.php(575): CodeIgniter\Database\BaseConnection->initialize()
 2 SYSTEMPATH/Database/BaseBuilder.php(1616): CodeIgniter\Database\BaseConnection->query('SELECT *
FROM `news`', [], false)
 3 SYSTEMPATH/Model.php(242): CodeIgniter\Database\BaseBuilder->get()
 4 SYSTEMPATH/BaseModel.php(638): CodeIgniter\Model->doFindAll(0, 0)
 5 APPPATH/Models/NewsModel.php(25): CodeIgniter\BaseModel->findAll()
 6 APPPATH/Controllers/News.php(15): App\Models\NewsModel->getNews()
 7 SYSTEMPATH/CodeIgniter.php(941): App\Controllers\News->index()
 8 SYSTEMPATH/CodeIgniter.php(502): CodeIgniter\CodeIgniter->runController(Object(App\Controllers\News))
 9 SYSTEMPATH/CodeIgniter.php(361): CodeIgniter\CodeIgniter->handleRequest(null, Object(Config\Cache), false)
10 FCPATH/index.php(79): CodeIgniter\CodeIgniter->run()
11 SYSTEMPATH/Commands/Server/rewrite.php(47): require_once('/Users/macbookpro/myCI4app/public/index.php')
ERROR - 2024-03-18 06:52:43 --> Error connecting to the database: mysqli_sql_exception: No such file or directory in /Users/macbookpro/myCI4app/vendor/codeigniter4/framework/system/Database/MySQLi/Connection.php:184
Stack trace:
#0 /Users/macbookpro/myCI4app/vendor/codeigniter4/framework/system/Database/MySQLi/Connection.php(184): mysqli->real_connect('localhost', 'root', Object(SensitiveParameterValue), 'ci4', 3306, '', 0)
#1 /Users/macbookpro/myCI4app/vendor/codeigniter4/framework/system/Database/BaseConnection.php(392): CodeIgniter\Database\MySQLi\Connection->connect(false)
#2 /Users/macbookpro/myCI4app/vendor/codeigniter4/framework/system/Database/BaseConnection.php(575): CodeIgniter\Database\BaseConnection->initialize()
#3 /Users/macbookpro/myCI4app/vendor/codeigniter4/framework/system/Database/BaseBuilder.php(1616): CodeIgniter\Database\BaseConnection->query('SELECT *\nFROM `...', Array, false)
#4 /Users/macbookpro/myCI4app/vendor/codeigniter4/framework/system/Model.php(242): CodeIgniter\Database\BaseBuilder->get()
#5 /Users/macbookpro/myCI4app/vendor/codeigniter4/framework/system/BaseModel.php(638): CodeIgniter\Model->doFindAll(0, 0)
#6 /Users/macbookpro/myCI4app/app/Models/NewsModel.php(25): CodeIgniter\BaseModel->findAll()
#7 /Users/macbookpro/myCI4app/app/Controllers/News.php(15): App\Models\NewsModel->getNews()
#8 /Users/macbookpro/myCI4app/vendor/codeigniter4/framework/system/CodeIgniter.php(941): App\Controllers\News->index()
#9 /Users/macbookpro/myCI4app/vendor/codeigniter4/framework/system/CodeIgniter.php(502): CodeIgniter\CodeIgniter->runController(Object(App\Controllers\News))
#10 /Users/macbookpro/myCI4app/vendor/codeigniter4/framework/system/CodeIgniter.php(361): CodeIgniter\CodeIgniter->handleRequest(NULL, Object(Config\Cache), false)
#11 /Users/macbookpro/myCI4app/public/index.php(79): CodeIgniter\CodeIgniter->run()
#12 /Users/macbookpro/myCI4app/vendor/codeigniter4/framework/system/Commands/Server/rewrite.php(47): require_once('/Users/macbookp...')
#13 {main}

Next CodeIgniter\Database\Exceptions\DatabaseException: No such file or directory in /Users/macbookpro/myCI4app/vendor/codeigniter4/framework/system/Database/MySQLi/Connection.php:229
Stack trace:
#0 /Users/macbookpro/myCI4app/vendor/codeigniter4/framework/system/Database/BaseConnection.php(392): CodeIgniter\Database\MySQLi\Connection->connect(false)
#1 /Users/macbookpro/myCI4app/vendor/codeigniter4/framework/system/Database/BaseConnection.php(575): CodeIgniter\Database\BaseConnection->initialize()
#2 /Users/macbookpro/myCI4app/vendor/codeigniter4/framework/system/Database/BaseBuilder.php(1616): CodeIgniter\Database\BaseConnection->query('SELECT *\nFROM `...', Array, false)
#3 /Users/macbookpro/myCI4app/vendor/codeigniter4/framework/system/Model.php(242): CodeIgniter\Database\BaseBuilder->get()
#4 /Users/macbookpro/myCI4app/vendor/codeigniter4/framework/system/BaseModel.php(638): CodeIgniter\Model->doFindAll(0, 0)
#5 /Users/macbookpro/myCI4app/app/Models/NewsModel.php(25): CodeIgniter\BaseModel->findAll()
#6 /Users/macbookpro/myCI4app/app/Controllers/News.php(15): App\Models\NewsModel->getNews()
#7 /Users/macbookpro/myCI4app/vendor/codeigniter4/framework/system/CodeIgniter.php(941): App\Controllers\News->index()
#8 /Users/macbookpro/myCI4app/vendor/codeigniter4/framework/system/CodeIgniter.php(502): CodeIgniter\CodeIgniter->runController(Object(App\Controllers\News))
#9 /Users/macbookpro/myCI4app/vendor/codeigniter4/framework/system/CodeIgniter.php(361): CodeIgniter\CodeIgniter->handleRequest(NULL, Object(Config\Cache), false)
#10 /Users/macbookpro/myCI4app/public/index.php(79): CodeIgniter\CodeIgniter->run()
#11 /Users/macbookpro/myCI4app/vendor/codeigniter4/framework/system/Commands/Server/rewrite.php(47): require_once('/Users/macbookp...')
#12 {main}
CRITICAL - 2024-03-18 06:52:43 --> CodeIgniter\Database\Exceptions\DatabaseException: Unable to connect to the database.
Main connection [MySQLi]: No such file or directory
in SYSTEMPATH/Database/BaseConnection.php on line 428.
 1 SYSTEMPATH/Database/BaseConnection.php(575): CodeIgniter\Database\BaseConnection->initialize()
 2 SYSTEMPATH/Database/BaseBuilder.php(1616): CodeIgniter\Database\BaseConnection->query('SELECT *
FROM `news`', [], false)
 3 SYSTEMPATH/Model.php(242): CodeIgniter\Database\BaseBuilder->get()
 4 SYSTEMPATH/BaseModel.php(638): CodeIgniter\Model->doFindAll(0, 0)
 5 APPPATH/Models/NewsModel.php(25): CodeIgniter\BaseModel->findAll()
 6 APPPATH/Controllers/News.php(15): App\Models\NewsModel->getNews()
 7 SYSTEMPATH/CodeIgniter.php(941): App\Controllers\News->index()
 8 SYSTEMPATH/CodeIgniter.php(502): CodeIgniter\CodeIgniter->runController(Object(App\Controllers\News))
 9 SYSTEMPATH/CodeIgniter.php(361): CodeIgniter\CodeIgniter->handleRequest(null, Object(Config\Cache), false)
10 FCPATH/index.php(79): CodeIgniter\CodeIgniter->run()
11 SYSTEMPATH/Commands/Server/rewrite.php(47): require_once('/Users/macbookpro/myCI4app/public/index.php')
ERROR - 2024-03-18 06:52:59 --> Error connecting to the database: mysqli_sql_exception: No such file or directory in /Users/macbookpro/myCI4app/vendor/codeigniter4/framework/system/Database/MySQLi/Connection.php:184
Stack trace:
#0 /Users/macbookpro/myCI4app/vendor/codeigniter4/framework/system/Database/MySQLi/Connection.php(184): mysqli->real_connect('localhost', 'root', Object(SensitiveParameterValue), 'ci4', 3306, '', 0)
#1 /Users/macbookpro/myCI4app/vendor/codeigniter4/framework/system/Database/BaseConnection.php(392): CodeIgniter\Database\MySQLi\Connection->connect(false)
#2 /Users/macbookpro/myCI4app/vendor/codeigniter4/framework/system/Database/BaseConnection.php(575): CodeIgniter\Database\BaseConnection->initialize()
#3 /Users/macbookpro/myCI4app/vendor/codeigniter4/framework/system/Database/BaseBuilder.php(1616): CodeIgniter\Database\BaseConnection->query('SELECT *\nFROM `...', Array, false)
#4 /Users/macbookpro/myCI4app/vendor/codeigniter4/framework/system/Model.php(242): CodeIgniter\Database\BaseBuilder->get()
#5 /Users/macbookpro/myCI4app/vendor/codeigniter4/framework/system/BaseModel.php(638): CodeIgniter\Model->doFindAll(0, 0)
#6 /Users/macbookpro/myCI4app/app/Models/NewsModel.php(25): CodeIgniter\BaseModel->findAll()
#7 /Users/macbookpro/myCI4app/app/Controllers/News.php(15): App\Models\NewsModel->getNews()
#8 /Users/macbookpro/myCI4app/vendor/codeigniter4/framework/system/CodeIgniter.php(941): App\Controllers\News->index()
#9 /Users/macbookpro/myCI4app/vendor/codeigniter4/framework/system/CodeIgniter.php(502): CodeIgniter\CodeIgniter->runController(Object(App\Controllers\News))
#10 /Users/macbookpro/myCI4app/vendor/codeigniter4/framework/system/CodeIgniter.php(361): CodeIgniter\CodeIgniter->handleRequest(NULL, Object(Config\Cache), false)
#11 /Users/macbookpro/myCI4app/public/index.php(79): CodeIgniter\CodeIgniter->run()
#12 /Users/macbookpro/myCI4app/vendor/codeigniter4/framework/system/Commands/Server/rewrite.php(47): require_once('/Users/macbookp...')
#13 {main}

Next CodeIgniter\Database\Exceptions\DatabaseException: No such file or directory in /Users/macbookpro/myCI4app/vendor/codeigniter4/framework/system/Database/MySQLi/Connection.php:229
Stack trace:
#0 /Users/macbookpro/myCI4app/vendor/codeigniter4/framework/system/Database/BaseConnection.php(392): CodeIgniter\Database\MySQLi\Connection->connect(false)
#1 /Users/macbookpro/myCI4app/vendor/codeigniter4/framework/system/Database/BaseConnection.php(575): CodeIgniter\Database\BaseConnection->initialize()
#2 /Users/macbookpro/myCI4app/vendor/codeigniter4/framework/system/Database/BaseBuilder.php(1616): CodeIgniter\Database\BaseConnection->query('SELECT *\nFROM `...', Array, false)
#3 /Users/macbookpro/myCI4app/vendor/codeigniter4/framework/system/Model.php(242): CodeIgniter\Database\BaseBuilder->get()
#4 /Users/macbookpro/myCI4app/vendor/codeigniter4/framework/system/BaseModel.php(638): CodeIgniter\Model->doFindAll(0, 0)
#5 /Users/macbookpro/myCI4app/app/Models/NewsModel.php(25): CodeIgniter\BaseModel->findAll()
#6 /Users/macbookpro/myCI4app/app/Controllers/News.php(15): App\Models\NewsModel->getNews()
#7 /Users/macbookpro/myCI4app/vendor/codeigniter4/framework/system/CodeIgniter.php(941): App\Controllers\News->index()
#8 /Users/macbookpro/myCI4app/vendor/codeigniter4/framework/system/CodeIgniter.php(502): CodeIgniter\CodeIgniter->runController(Object(App\Controllers\News))
#9 /Users/macbookpro/myCI4app/vendor/codeigniter4/framework/system/CodeIgniter.php(361): CodeIgniter\CodeIgniter->handleRequest(NULL, Object(Config\Cache), false)
#10 /Users/macbookpro/myCI4app/public/index.php(79): CodeIgniter\CodeIgniter->run()
#11 /Users/macbookpro/myCI4app/vendor/codeigniter4/framework/system/Commands/Server/rewrite.php(47): require_once('/Users/macbookp...')
#12 {main}
CRITICAL - 2024-03-18 06:52:59 --> CodeIgniter\Database\Exceptions\DatabaseException: Unable to connect to the database.
Main connection [MySQLi]: No such file or directory
in SYSTEMPATH/Database/BaseConnection.php on line 428.
 1 SYSTEMPATH/Database/BaseConnection.php(575): CodeIgniter\Database\BaseConnection->initialize()
 2 SYSTEMPATH/Database/BaseBuilder.php(1616): CodeIgniter\Database\BaseConnection->query('SELECT *
FROM `news`', [], false)
 3 SYSTEMPATH/Model.php(242): CodeIgniter\Database\BaseBuilder->get()
 4 SYSTEMPATH/BaseModel.php(638): CodeIgniter\Model->doFindAll(0, 0)
 5 APPPATH/Models/NewsModel.php(25): CodeIgniter\BaseModel->findAll()
 6 APPPATH/Controllers/News.php(15): App\Models\NewsModel->getNews()
 7 SYSTEMPATH/CodeIgniter.php(941): App\Controllers\News->index()
 8 SYSTEMPATH/CodeIgniter.php(502): CodeIgniter\CodeIgniter->runController(Object(App\Controllers\News))
 9 SYSTEMPATH/CodeIgniter.php(361): CodeIgniter\CodeIgniter->handleRequest(null, Object(Config\Cache), false)
10 FCPATH/index.php(79): CodeIgniter\CodeIgniter->run()
11 SYSTEMPATH/Commands/Server/rewrite.php(47): require_once('/Users/macbookpro/myCI4app/public/index.php')
ERROR - 2024-03-18 06:53:01 --> Error connecting to the database: mysqli_sql_exception: No such file or directory in /Users/macbookpro/myCI4app/vendor/codeigniter4/framework/system/Database/MySQLi/Connection.php:184
Stack trace:
#0 /Users/macbookpro/myCI4app/vendor/codeigniter4/framework/system/Database/MySQLi/Connection.php(184): mysqli->real_connect('localhost', 'root', Object(SensitiveParameterValue), 'ci4', 3306, '', 0)
#1 /Users/macbookpro/myCI4app/vendor/codeigniter4/framework/system/Database/BaseConnection.php(392): CodeIgniter\Database\MySQLi\Connection->connect(false)
#2 /Users/macbookpro/myCI4app/vendor/codeigniter4/framework/system/Database/BaseConnection.php(575): CodeIgniter\Database\BaseConnection->initialize()
#3 /Users/macbookpro/myCI4app/vendor/codeigniter4/framework/system/Database/BaseBuilder.php(1616): CodeIgniter\Database\BaseConnection->query('SELECT *\nFROM `...', Array, false)
#4 /Users/macbookpro/myCI4app/vendor/codeigniter4/framework/system/Model.php(242): CodeIgniter\Database\BaseBuilder->get()
#5 /Users/macbookpro/myCI4app/vendor/codeigniter4/framework/system/BaseModel.php(638): CodeIgniter\Model->doFindAll(0, 0)
#6 /Users/macbookpro/myCI4app/app/Models/NewsModel.php(25): CodeIgniter\BaseModel->findAll()
#7 /Users/macbookpro/myCI4app/app/Controllers/News.php(15): App\Models\NewsModel->getNews()
#8 /Users/macbookpro/myCI4app/vendor/codeigniter4/framework/system/CodeIgniter.php(941): App\Controllers\News->index()
#9 /Users/macbookpro/myCI4app/vendor/codeigniter4/framework/system/CodeIgniter.php(502): CodeIgniter\CodeIgniter->runController(Object(App\Controllers\News))
#10 /Users/macbookpro/myCI4app/vendor/codeigniter4/framework/system/CodeIgniter.php(361): CodeIgniter\CodeIgniter->handleRequest(NULL, Object(Config\Cache), false)
#11 /Users/macbookpro/myCI4app/public/index.php(79): CodeIgniter\CodeIgniter->run()
#12 /Users/macbookpro/myCI4app/vendor/codeigniter4/framework/system/Commands/Server/rewrite.php(47): require_once('/Users/macbookp...')
#13 {main}

Next CodeIgniter\Database\Exceptions\DatabaseException: No such file or directory in /Users/macbookpro/myCI4app/vendor/codeigniter4/framework/system/Database/MySQLi/Connection.php:229
Stack trace:
#0 /Users/macbookpro/myCI4app/vendor/codeigniter4/framework/system/Database/BaseConnection.php(392): CodeIgniter\Database\MySQLi\Connection->connect(false)
#1 /Users/macbookpro/myCI4app/vendor/codeigniter4/framework/system/Database/BaseConnection.php(575): CodeIgniter\Database\BaseConnection->initialize()
#2 /Users/macbookpro/myCI4app/vendor/codeigniter4/framework/system/Database/BaseBuilder.php(1616): CodeIgniter\Database\BaseConnection->query('SELECT *\nFROM `...', Array, false)
#3 /Users/macbookpro/myCI4app/vendor/codeigniter4/framework/system/Model.php(242): CodeIgniter\Database\BaseBuilder->get()
#4 /Users/macbookpro/myCI4app/vendor/codeigniter4/framework/system/BaseModel.php(638): CodeIgniter\Model->doFindAll(0, 0)
#5 /Users/macbookpro/myCI4app/app/Models/NewsModel.php(25): CodeIgniter\BaseModel->findAll()
#6 /Users/macbookpro/myCI4app/app/Controllers/News.php(15): App\Models\NewsModel->getNews()
#7 /Users/macbookpro/myCI4app/vendor/codeigniter4/framework/system/CodeIgniter.php(941): App\Controllers\News->index()
#8 /Users/macbookpro/myCI4app/vendor/codeigniter4/framework/system/CodeIgniter.php(502): CodeIgniter\CodeIgniter->runController(Object(App\Controllers\News))
#9 /Users/macbookpro/myCI4app/vendor/codeigniter4/framework/system/CodeIgniter.php(361): CodeIgniter\CodeIgniter->handleRequest(NULL, Object(Config\Cache), false)
#10 /Users/macbookpro/myCI4app/public/index.php(79): CodeIgniter\CodeIgniter->run()
#11 /Users/macbookpro/myCI4app/vendor/codeigniter4/framework/system/Commands/Server/rewrite.php(47): require_once('/Users/macbookp...')
#12 {main}
CRITICAL - 2024-03-18 06:53:01 --> CodeIgniter\Database\Exceptions\DatabaseException: Unable to connect to the database.
Main connection [MySQLi]: No such file or directory
in SYSTEMPATH/Database/BaseConnection.php on line 428.
 1 SYSTEMPATH/Database/BaseConnection.php(575): CodeIgniter\Database\BaseConnection->initialize()
 2 SYSTEMPATH/Database/BaseBuilder.php(1616): CodeIgniter\Database\BaseConnection->query('SELECT *
FROM `news`', [], false)
 3 SYSTEMPATH/Model.php(242): CodeIgniter\Database\BaseBuilder->get()
 4 SYSTEMPATH/BaseModel.php(638): CodeIgniter\Model->doFindAll(0, 0)
 5 APPPATH/Models/NewsModel.php(25): CodeIgniter\BaseModel->findAll()
 6 APPPATH/Controllers/News.php(15): App\Models\NewsModel->getNews()
 7 SYSTEMPATH/CodeIgniter.php(941): App\Controllers\News->index()
 8 SYSTEMPATH/CodeIgniter.php(502): CodeIgniter\CodeIgniter->runController(Object(App\Controllers\News))
 9 SYSTEMPATH/CodeIgniter.php(361): CodeIgniter\CodeIgniter->handleRequest(null, Object(Config\Cache), false)
10 FCPATH/index.php(79): CodeIgniter\CodeIgniter->run()
11 SYSTEMPATH/Commands/Server/rewrite.php(47): require_once('/Users/macbookpro/myCI4app/public/index.php')
ERROR - 2024-03-18 06:53:58 --> Error connecting to the database: mysqli_sql_exception: No such file or directory in /Users/macbookpro/myCI4app/vendor/codeigniter4/framework/system/Database/MySQLi/Connection.php:184
Stack trace:
#0 /Users/macbookpro/myCI4app/vendor/codeigniter4/framework/system/Database/MySQLi/Connection.php(184): mysqli->real_connect('localhost', 'root', Object(SensitiveParameterValue), 'ci4', 3306, '', 0)
#1 /Users/macbookpro/myCI4app/vendor/codeigniter4/framework/system/Database/BaseConnection.php(392): CodeIgniter\Database\MySQLi\Connection->connect(false)
#2 /Users/macbookpro/myCI4app/vendor/codeigniter4/framework/system/Database/BaseConnection.php(575): CodeIgniter\Database\BaseConnection->initialize()
#3 /Users/macbookpro/myCI4app/vendor/codeigniter4/framework/system/Database/BaseBuilder.php(1616): CodeIgniter\Database\BaseConnection->query('SELECT *\nFROM `...', Array, false)
#4 /Users/macbookpro/myCI4app/vendor/codeigniter4/framework/system/Model.php(242): CodeIgniter\Database\BaseBuilder->get()
#5 /Users/macbookpro/myCI4app/vendor/codeigniter4/framework/system/BaseModel.php(638): CodeIgniter\Model->doFindAll(0, 0)
#6 /Users/macbookpro/myCI4app/app/Models/NewsModel.php(25): CodeIgniter\BaseModel->findAll()
#7 /Users/macbookpro/myCI4app/app/Controllers/News.php(15): App\Models\NewsModel->getNews()
#8 /Users/macbookpro/myCI4app/vendor/codeigniter4/framework/system/CodeIgniter.php(941): App\Controllers\News->index()
#9 /Users/macbookpro/myCI4app/vendor/codeigniter4/framework/system/CodeIgniter.php(502): CodeIgniter\CodeIgniter->runController(Object(App\Controllers\News))
#10 /Users/macbookpro/myCI4app/vendor/codeigniter4/framework/system/CodeIgniter.php(361): CodeIgniter\CodeIgniter->handleRequest(NULL, Object(Config\Cache), false)
#11 /Users/macbookpro/myCI4app/public/index.php(79): CodeIgniter\CodeIgniter->run()
#12 /Users/macbookpro/myCI4app/vendor/codeigniter4/framework/system/Commands/Server/rewrite.php(47): require_once('/Users/macbookp...')
#13 {main}

Next CodeIgniter\Database\Exceptions\DatabaseException: No such file or directory in /Users/macbookpro/myCI4app/vendor/codeigniter4/framework/system/Database/MySQLi/Connection.php:229
Stack trace:
#0 /Users/macbookpro/myCI4app/vendor/codeigniter4/framework/system/Database/BaseConnection.php(392): CodeIgniter\Database\MySQLi\Connection->connect(false)
#1 /Users/macbookpro/myCI4app/vendor/codeigniter4/framework/system/Database/BaseConnection.php(575): CodeIgniter\Database\BaseConnection->initialize()
#2 /Users/macbookpro/myCI4app/vendor/codeigniter4/framework/system/Database/BaseBuilder.php(1616): CodeIgniter\Database\BaseConnection->query('SELECT *\nFROM `...', Array, false)
#3 /Users/macbookpro/myCI4app/vendor/codeigniter4/framework/system/Model.php(242): CodeIgniter\Database\BaseBuilder->get()
#4 /Users/macbookpro/myCI4app/vendor/codeigniter4/framework/system/BaseModel.php(638): CodeIgniter\Model->doFindAll(0, 0)
#5 /Users/macbookpro/myCI4app/app/Models/NewsModel.php(25): CodeIgniter\BaseModel->findAll()
#6 /Users/macbookpro/myCI4app/app/Controllers/News.php(15): App\Models\NewsModel->getNews()
#7 /Users/macbookpro/myCI4app/vendor/codeigniter4/framework/system/CodeIgniter.php(941): App\Controllers\News->index()
#8 /Users/macbookpro/myCI4app/vendor/codeigniter4/framework/system/CodeIgniter.php(502): CodeIgniter\CodeIgniter->runController(Object(App\Controllers\News))
#9 /Users/macbookpro/myCI4app/vendor/codeigniter4/framework/system/CodeIgniter.php(361): CodeIgniter\CodeIgniter->handleRequest(NULL, Object(Config\Cache), false)
#10 /Users/macbookpro/myCI4app/public/index.php(79): CodeIgniter\CodeIgniter->run()
#11 /Users/macbookpro/myCI4app/vendor/codeigniter4/framework/system/Commands/Server/rewrite.php(47): require_once('/Users/macbookp...')
#12 {main}
CRITICAL - 2024-03-18 06:53:58 --> CodeIgniter\Database\Exceptions\DatabaseException: Unable to connect to the database.
Main connection [MySQLi]: No such file or directory
in SYSTEMPATH/Database/BaseConnection.php on line 428.
 1 SYSTEMPATH/Database/BaseConnection.php(575): CodeIgniter\Database\BaseConnection->initialize()
 2 SYSTEMPATH/Database/BaseBuilder.php(1616): CodeIgniter\Database\BaseConnection->query('SELECT *
FROM `news`', [], false)
 3 SYSTEMPATH/Model.php(242): CodeIgniter\Database\BaseBuilder->get()
 4 SYSTEMPATH/BaseModel.php(638): CodeIgniter\Model->doFindAll(0, 0)
 5 APPPATH/Models/NewsModel.php(25): CodeIgniter\BaseModel->findAll()
 6 APPPATH/Controllers/News.php(15): App\Models\NewsModel->getNews()
 7 SYSTEMPATH/CodeIgniter.php(941): App\Controllers\News->index()
 8 SYSTEMPATH/CodeIgniter.php(502): CodeIgniter\CodeIgniter->runController(Object(App\Controllers\News))
 9 SYSTEMPATH/CodeIgniter.php(361): CodeIgniter\CodeIgniter->handleRequest(null, Object(Config\Cache), false)
10 FCPATH/index.php(79): CodeIgniter\CodeIgniter->run()
11 SYSTEMPATH/Commands/Server/rewrite.php(47): require_once('/Users/macbookpro/myCI4app/public/index.php')
INFO - 2024-03-18 06:54:00 --> Session: Class initialized using 'CodeIgniter\Session\Handlers\FileHandler' driver.
INFO - 2024-03-18 06:54:03 --> Session: Class initialized using 'CodeIgniter\Session\Handlers\FileHandler' driver.
